Performing C SOURCE FILE Test CMAKE_HAVE_LIBC_PTHREAD failed with the following output:
Change Dir: /home/giova/PycharmProjects/segway/cpp/cmake-build-debug/CMakeFiles/CMakeTmp

Run Build Command(s):/usr/bin/make cmTC_62567/fast && /usr/bin/make  -f CMakeFiles/cmTC_62567.dir/build.make CMakeFiles/cmTC_62567.dir/build
make[1]: ingresso nella directory «/home/giova/PycharmProjects/segway/cpp/cmake-build-debug/CMakeFiles/CMakeTmp»
Building C object CMakeFiles/cmTC_62567.dir/src.c.o
/usr/bin/cc   -DCMAKE_HAVE_LIBC_PTHREAD   -o CMakeFiles/cmTC_62567.dir/src.c.o   -c /home/giova/PycharmProjects/segway/cpp/cmake-build-debug/CMakeFiles/CMakeTmp/src.c
Linking C executable cmTC_62567
/usr/bin/cmake -E cmake_link_script CMakeFiles/cmTC_62567.dir/link.txt --verbose=1
/usr/bin/cc  -DCMAKE_HAVE_LIBC_PTHREAD    -rdynamic CMakeFiles/cmTC_62567.dir/src.c.o  -o cmTC_62567 
/usr/bin/ld: CMakeFiles/cmTC_62567.dir/src.c.o: in function `main':
src.c:(.text+0x3e): undefined reference to `pthread_create'
/usr/bin/ld: src.c:(.text+0x4a): undefined reference to `pthread_detach'
/usr/bin/ld: src.c:(.text+0x56): undefined reference to `pthread_cancel'
/usr/bin/ld: src.c:(.text+0x67): undefined reference to `pthread_join'
collect2: error: ld returned 1 exit status
make[1]: *** [CMakeFiles/cmTC_62567.dir/build.make:107: cmTC_62567] Errore 1
make[1]: uscita dalla directory «/home/giova/PycharmProjects/segway/cpp/cmake-build-debug/CMakeFiles/CMakeTmp»
make: *** [Makefile:141: cmTC_62567/fast] Errore 2


Source file was:
#include <pthread.h>

void* test_func(void* data)
{
  return data;
}

int main(void)
{
  pthread_t thread;
  pthread_create(&thread, NULL, test_func, NULL);
  pthread_detach(thread);
  pthread_cancel(thread);
  pthread_join(thread, NULL);
  pthread_atfork(NULL, NULL, NULL);
  pthread_exit(NULL);

  return 0;
}

