The system is: Linux - 5.5.19-lqx1-1-lqx - x86_64
Compiling the C compiler identification source file "CMakeCCompilerId.c" succeeded.
Compiler: /usr/bin/arm-linux-gnueabi-gcc 
Build flags: 
Id flags: 

The output was:
0


Compilation of the C compiler identification source "CMakeCCompilerId.c" produced "a.out"

The C compiler identification is GNU, found in "/src/cmake-output/CMakeFiles/3.7.2/CompilerIdC/a.out"

Compiling the CXX compiler identification source file "CMakeCXXCompilerId.cpp" succeeded.
Compiler: /usr/bin/arm-linux-gnueabi-g++ 
Build flags: 
Id flags: 

The output was:
0


Compilation of the CXX compiler identification source "CMakeCXXCompilerId.cpp" produced "a.out"

The CXX compiler identification is GNU, found in "/src/cmake-output/CMakeFiles/3.7.2/CompilerIdCXX/a.out"

Determining if the C compiler works passed with the following output:
Change Dir: /src/cmake-output/CMakeFiles/CMakeTmp

Run Build Command:"/usr/bin/make" "cmTC_5991f/fast"
/usr/bin/make -f CMakeFiles/cmTC_5991f.dir/build.make CMakeFiles/cmTC_5991f.dir/build
make[1]: Entering directory '/src/cmake-output/CMakeFiles/CMakeTmp'
Building C object CMakeFiles/cmTC_5991f.dir/testCCompiler.c.o
/usr/bin/arm-linux-gnueabi-gcc     -o CMakeFiles/cmTC_5991f.dir/testCCompiler.c.o   -c /src/cmake-output/CMakeFiles/CMakeTmp/testCCompiler.c
Linking C executable cmTC_5991f
/usr/bin/cmake -E cmake_link_script CMakeFiles/cmTC_5991f.dir/link.txt --verbose=1
/usr/bin/arm-linux-gnueabi-gcc       CMakeFiles/cmTC_5991f.dir/testCCompiler.c.o  -o cmTC_5991f 
make[1]: Leaving directory '/src/cmake-output/CMakeFiles/CMakeTmp'


Detecting C compiler ABI info compiled with the following output:
Change Dir: /src/cmake-output/CMakeFiles/CMakeTmp

Run Build Command:"/usr/bin/make" "cmTC_e81e2/fast"
/usr/bin/make -f CMakeFiles/cmTC_e81e2.dir/build.make CMakeFiles/cmTC_e81e2.dir/build
make[1]: Entering directory '/src/cmake-output/CMakeFiles/CMakeTmp'
Building C object CMakeFiles/cmTC_e81e2.dir/CMakeCCompilerABI.c.o
/usr/bin/arm-linux-gnueabi-gcc     -o CMakeFiles/cmTC_e81e2.dir/CMakeCCompilerABI.c.o   -c /usr/share/cmake-3.7/Modules/CMakeCCompilerABI.c
Linking C executable cmTC_e81e2
/usr/bin/cmake -E cmake_link_script CMakeFiles/cmTC_e81e2.dir/link.txt --verbose=1
/usr/bin/arm-linux-gnueabi-gcc      -v CMakeFiles/cmTC_e81e2.dir/CMakeCCompilerABI.c.o  -o cmTC_e81e2  
Using built-in specs.
COLLECT_GCC=/usr/bin/arm-linux-gnueabi-gcc
COLLECT_LTO_WRAPPER=/usr/lib/gcc-cross/arm-linux-gnueabi/6/lto-wrapper
Target: arm-linux-gnueabi
Configured with: ../src/configure -v --with-pkgversion='Debian 6.3.0-18' --with-bugurl=file:///usr/share/doc/gcc-6/README.Bugs --enable-languages=c,ada,c++,java,go,d,fortran,objc,obj-c++ --prefix=/usr --program-suffix=-6 --enable-shared --enable-linker-build-id --libexecdir=/usr/lib --without-included-gettext --enable-threads=posix --libdir=/usr/lib --enable-nls --with-sysroot=/ --enable-clocale=gnu --enable-libstdcxx-debug --enable-libstdcxx-time=yes --with-default-libstdcxx-abi=new --enable-gnu-unique-object --disable-libitm --disable-libquadmath --enable-plugin --enable-default-pie --with-system-zlib --disable-browser-plugin --enable-java-awt=gtk --enable-gtk-cairo --with-java-home=/usr/lib/jvm/java-1.5.0-gcj-6-armel-cross/jre --enable-java-home --with-jvm-root-dir=/usr/lib/jvm/java-1.5.0-gcj-6-armel-cross --with-jvm-jar-dir=/usr/lib/jvm-exports/java-1.5.0-gcj-6-armel-cross --with-arch-directory=arm --with-ecj-jar=/usr/share/java/eclipse-ecj.jar --disable-libgcj --with-target-system-zlib --enable-objc-gc=auto --enable-multiarch --disable-sjlj-exceptions --with-arch=armv4t --with-float=soft --enable-checking=release --build=x86_64-linux-gnu --host=x86_64-linux-gnu --target=arm-linux-gnueabi --program-prefix=arm-linux-gnueabi- --includedir=/usr/arm-linux-gnueabi/include
Thread model: posix
gcc version 6.3.0 20170516 (Debian 6.3.0-18) 
COMPILER_PATH=/usr/lib/gcc-cross/arm-linux-gnueabi/6/:/usr/lib/gcc-cross/arm-linux-gnueabi/6/:/usr/lib/gcc-cross/arm-linux-gnueabi/:/usr/lib/gcc-cross/arm-linux-gnueabi/6/:/usr/lib/gcc-cross/arm-linux-gnueabi/:/usr/lib/gcc-cross/arm-linux-gnueabi/6/../../../../arm-linux-gnueabi/bin/
LIBRARY_PATH=/usr/lib/gcc-cross/arm-linux-gnueabi/6/:/usr/lib/gcc-cross/arm-linux-gnueabi/6/../../../../arm-linux-gnueabi/lib/:/lib/:/usr/lib/
COLLECT_GCC_OPTIONS='-v' '-o' 'cmTC_e81e2' '-march=armv4t' '-mfloat-abi=soft' '-mtls-dialect=gnu'
 /usr/lib/gcc-cross/arm-linux-gnueabi/6/collect2 -plugin /usr/lib/gcc-cross/arm-linux-gnueabi/6/liblto_plugin.so -plugin-opt=/usr/lib/gcc-cross/arm-linux-gnueabi/6/lto-wrapper -plugin-opt=-fresolution=/tmp/ccrj8tUh.res -plugin-opt=-pass-through=-lgcc -plugin-opt=-pass-through=-lgcc_s -plugin-opt=-pass-through=-lc -plugin-opt=-pass-through=-lgcc -plugin-opt=-pass-through=-lgcc_s --sysroot=/ --build-id --eh-frame-hdr -dynamic-linker /lib/ld-linux.so.3 -X --hash-style=gnu -m armelf_linux_eabi -pie -o cmTC_e81e2 /usr/lib/gcc-cross/arm-linux-gnueabi/6/../../../../arm-linux-gnueabi/lib/Scrt1.o /usr/lib/gcc-cross/arm-linux-gnueabi/6/../../../../arm-linux-gnueabi/lib/crti.o /usr/lib/gcc-cross/arm-linux-gnueabi/6/crtbeginS.o -L/usr/lib/gcc-cross/arm-linux-gnueabi/6 -L/usr/lib/gcc-cross/arm-linux-gnueabi/6/../../../../arm-linux-gnueabi/lib CMakeFiles/cmTC_e81e2.dir/CMakeCCompilerABI.c.o -lgcc --as-needed -lgcc_s --no-as-needed -lc -lgcc --as-needed -lgcc_s --no-as-needed /usr/lib/gcc-cross/arm-linux-gnueabi/6/crtendS.o /usr/lib/gcc-cross/arm-linux-gnueabi/6/../../../../arm-linux-gnueabi/lib/crtn.o
COLLECT_GCC_OPTIONS='-v' '-o' 'cmTC_e81e2' '-march=armv4t' '-mfloat-abi=soft' '-mtls-dialect=gnu'
make[1]: Leaving directory '/src/cmake-output/CMakeFiles/CMakeTmp'


Parsed C implicit link information from above output:
  link line regex: [^( *|.*[/\])(ld|([^/\]+-)?ld|collect2)[^/\]*( |$)]
  ignore line: [Change Dir: /src/cmake-output/CMakeFiles/CMakeTmp]
  ignore line: []
  ignore line: [Run Build Command:"/usr/bin/make" "cmTC_e81e2/fast"]
  ignore line: [/usr/bin/make -f CMakeFiles/cmTC_e81e2.dir/build.make CMakeFiles/cmTC_e81e2.dir/build]
  ignore line: [make[1]: Entering directory '/src/cmake-output/CMakeFiles/CMakeTmp']
  ignore line: [Building C object CMakeFiles/cmTC_e81e2.dir/CMakeCCompilerABI.c.o]
  ignore line: [/usr/bin/arm-linux-gnueabi-gcc     -o CMakeFiles/cmTC_e81e2.dir/CMakeCCompilerABI.c.o   -c /usr/share/cmake-3.7/Modules/CMakeCCompilerABI.c]
  ignore line: [Linking C executable cmTC_e81e2]
  ignore line: [/usr/bin/cmake -E cmake_link_script CMakeFiles/cmTC_e81e2.dir/link.txt --verbose=1]
  ignore line: [/usr/bin/arm-linux-gnueabi-gcc      -v CMakeFiles/cmTC_e81e2.dir/CMakeCCompilerABI.c.o  -o cmTC_e81e2  ]
  ignore line: [Using built-in specs.]
  ignore line: [COLLECT_GCC=/usr/bin/arm-linux-gnueabi-gcc]
  ignore line: [COLLECT_LTO_WRAPPER=/usr/lib/gcc-cross/arm-linux-gnueabi/6/lto-wrapper]
  ignore line: [Target: arm-linux-gnueabi]
  ignore line: [Configured with: ../src/configure -v --with-pkgversion='Debian 6.3.0-18' --with-bugurl=file:///usr/share/doc/gcc-6/README.Bugs --enable-languages=c,ada,c++,java,go,d,fortran,objc,obj-c++ --prefix=/usr --program-suffix=-6 --enable-shared --enable-linker-build-id --libexecdir=/usr/lib --without-included-gettext --enable-threads=posix --libdir=/usr/lib --enable-nls --with-sysroot=/ --enable-clocale=gnu --enable-libstdcxx-debug --enable-libstdcxx-time=yes --with-default-libstdcxx-abi=new --enable-gnu-unique-object --disable-libitm --disable-libquadmath --enable-plugin --enable-default-pie --with-system-zlib --disable-browser-plugin --enable-java-awt=gtk --enable-gtk-cairo --with-java-home=/usr/lib/jvm/java-1.5.0-gcj-6-armel-cross/jre --enable-java-home --with-jvm-root-dir=/usr/lib/jvm/java-1.5.0-gcj-6-armel-cross --with-jvm-jar-dir=/usr/lib/jvm-exports/java-1.5.0-gcj-6-armel-cross --with-arch-directory=arm --with-ecj-jar=/usr/share/java/eclipse-ecj.jar --disable-libgcj --with-target-system-zlib --enable-objc-gc=auto --enable-multiarch --disable-sjlj-exceptions --with-arch=armv4t --with-float=soft --enable-checking=release --build=x86_64-linux-gnu --host=x86_64-linux-gnu --target=arm-linux-gnueabi --program-prefix=arm-linux-gnueabi- --includedir=/usr/arm-linux-gnueabi/include]
  ignore line: [Thread model: posix]
  ignore line: [gcc version 6.3.0 20170516 (Debian 6.3.0-18) ]
  ignore line: [COMPILER_PATH=/usr/lib/gcc-cross/arm-linux-gnueabi/6/:/usr/lib/gcc-cross/arm-linux-gnueabi/6/:/usr/lib/gcc-cross/arm-linux-gnueabi/:/usr/lib/gcc-cross/arm-linux-gnueabi/6/:/usr/lib/gcc-cross/arm-linux-gnueabi/:/usr/lib/gcc-cross/arm-linux-gnueabi/6/../../../../arm-linux-gnueabi/bin/]
  ignore line: [LIBRARY_PATH=/usr/lib/gcc-cross/arm-linux-gnueabi/6/:/usr/lib/gcc-cross/arm-linux-gnueabi/6/../../../../arm-linux-gnueabi/lib/:/lib/:/usr/lib/]
  ignore line: [COLLECT_GCC_OPTIONS='-v' '-o' 'cmTC_e81e2' '-march=armv4t' '-mfloat-abi=soft' '-mtls-dialect=gnu']
  link line: [ /usr/lib/gcc-cross/arm-linux-gnueabi/6/collect2 -plugin /usr/lib/gcc-cross/arm-linux-gnueabi/6/liblto_plugin.so -plugin-opt=/usr/lib/gcc-cross/arm-linux-gnueabi/6/lto-wrapper -plugin-opt=-fresolution=/tmp/ccrj8tUh.res -plugin-opt=-pass-through=-lgcc -plugin-opt=-pass-through=-lgcc_s -plugin-opt=-pass-through=-lc -plugin-opt=-pass-through=-lgcc -plugin-opt=-pass-through=-lgcc_s --sysroot=/ --build-id --eh-frame-hdr -dynamic-linker /lib/ld-linux.so.3 -X --hash-style=gnu -m armelf_linux_eabi -pie -o cmTC_e81e2 /usr/lib/gcc-cross/arm-linux-gnueabi/6/../../../../arm-linux-gnueabi/lib/Scrt1.o /usr/lib/gcc-cross/arm-linux-gnueabi/6/../../../../arm-linux-gnueabi/lib/crti.o /usr/lib/gcc-cross/arm-linux-gnueabi/6/crtbeginS.o -L/usr/lib/gcc-cross/arm-linux-gnueabi/6 -L/usr/lib/gcc-cross/arm-linux-gnueabi/6/../../../../arm-linux-gnueabi/lib CMakeFiles/cmTC_e81e2.dir/CMakeCCompilerABI.c.o -lgcc --as-needed -lgcc_s --no-as-needed -lc -lgcc --as-needed -lgcc_s --no-as-needed /usr/lib/gcc-cross/arm-linux-gnueabi/6/crtendS.o /usr/lib/gcc-cross/arm-linux-gnueabi/6/../../../../arm-linux-gnueabi/lib/crtn.o]
    arg [/usr/lib/gcc-cross/arm-linux-gnueabi/6/collect2] ==> ignore
    arg [-plugin] ==> ignore
    arg [/usr/lib/gcc-cross/arm-linux-gnueabi/6/liblto_plugin.so] ==> ignore
    arg [-plugin-opt=/usr/lib/gcc-cross/arm-linux-gnueabi/6/lto-wrapper] ==> ignore
    arg [-plugin-opt=-fresolution=/tmp/ccrj8tUh.res] ==> ignore
    arg [-plugin-opt=-pass-through=-lgcc] ==> ignore
    arg [-plugin-opt=-pass-through=-lgcc_s] ==> ignore
    arg [-plugin-opt=-pass-through=-lc] ==> ignore
    arg [-plugin-opt=-pass-through=-lgcc] ==> ignore
    arg [-plugin-opt=-pass-through=-lgcc_s] ==> ignore
    arg [--sysroot=/] ==> ignore
    arg [--build-id] ==> ignore
    arg [--eh-frame-hdr] ==> ignore
    arg [-dynamic-linker] ==> ignore
    arg [/lib/ld-linux.so.3] ==> ignore
    arg [-X] ==> ignore
    arg [--hash-style=gnu] ==> ignore
    arg [-m] ==> ignore
    arg [armelf_linux_eabi] ==> ignore
    arg [-pie] ==> ignore
    arg [-o] ==> ignore
    arg [cmTC_e81e2] ==> ignore
    arg [/usr/lib/gcc-cross/arm-linux-gnueabi/6/../../../../arm-linux-gnueabi/lib/Scrt1.o] ==> ignore
    arg [/usr/lib/gcc-cross/arm-linux-gnueabi/6/../../../../arm-linux-gnueabi/lib/crti.o] ==> ignore
    arg [/usr/lib/gcc-cross/arm-linux-gnueabi/6/crtbeginS.o] ==> ignore
    arg [-L/usr/lib/gcc-cross/arm-linux-gnueabi/6] ==> dir [/usr/lib/gcc-cross/arm-linux-gnueabi/6]
    arg [-L/usr/lib/gcc-cross/arm-linux-gnueabi/6/../../../../arm-linux-gnueabi/lib] ==> dir [/usr/lib/gcc-cross/arm-linux-gnueabi/6/../../../../arm-linux-gnueabi/lib]
    arg [CMakeFiles/cmTC_e81e2.dir/CMakeCCompilerABI.c.o] ==> ignore
    arg [-lgcc] ==> lib [gcc]
    arg [--as-needed] ==> ignore
    arg [-lgcc_s] ==> lib [gcc_s]
    arg [--no-as-needed] ==> ignore
    arg [-lc] ==> lib [c]
    arg [-lgcc] ==> lib [gcc]
    arg [--as-needed] ==> ignore
    arg [-lgcc_s] ==> lib [gcc_s]
    arg [--no-as-needed] ==> ignore
    arg [/usr/lib/gcc-cross/arm-linux-gnueabi/6/crtendS.o] ==> ignore
    arg [/usr/lib/gcc-cross/arm-linux-gnueabi/6/../../../../arm-linux-gnueabi/lib/crtn.o] ==> ignore
  remove lib [gcc]
  remove lib [gcc_s]
  remove lib [gcc]
  remove lib [gcc_s]
  collapse library dir [/usr/lib/gcc-cross/arm-linux-gnueabi/6] ==> [/usr/lib/gcc-cross/arm-linux-gnueabi/6]
  collapse library dir [/usr/lib/gcc-cross/arm-linux-gnueabi/6/../../../../arm-linux-gnueabi/lib] ==> [/usr/arm-linux-gnueabi/lib]
  implicit libs: [c]
  implicit dirs: [/usr/lib/gcc-cross/arm-linux-gnueabi/6;/usr/arm-linux-gnueabi/lib]
  implicit fwks: []




Detecting C [-std=c11] compiler features compiled with the following output:
Change Dir: /src/cmake-output/CMakeFiles/CMakeTmp

Run Build Command:"/usr/bin/make" "cmTC_4e309/fast"
/usr/bin/make -f CMakeFiles/cmTC_4e309.dir/build.make CMakeFiles/cmTC_4e309.dir/build
make[1]: Entering directory '/src/cmake-output/CMakeFiles/CMakeTmp'
Building C object CMakeFiles/cmTC_4e309.dir/feature_tests.c.o
/usr/bin/arm-linux-gnueabi-gcc    -std=c11 -o CMakeFiles/cmTC_4e309.dir/feature_tests.c.o   -c /src/cmake-output/CMakeFiles/feature_tests.c
Linking C executable cmTC_4e309
/usr/bin/cmake -E cmake_link_script CMakeFiles/cmTC_4e309.dir/link.txt --verbose=1
/usr/bin/arm-linux-gnueabi-gcc       CMakeFiles/cmTC_4e309.dir/feature_tests.c.o  -o cmTC_4e309 
make[1]: Leaving directory '/src/cmake-output/CMakeFiles/CMakeTmp'


    Feature record: C_FEATURE:1c_function_prototypes
    Feature record: C_FEATURE:1c_restrict
    Feature record: C_FEATURE:1c_static_assert
    Feature record: C_FEATURE:1c_variadic_macros


Detecting C [-std=c99] compiler features compiled with the following output:
Change Dir: /src/cmake-output/CMakeFiles/CMakeTmp

Run Build Command:"/usr/bin/make" "cmTC_66419/fast"
/usr/bin/make -f CMakeFiles/cmTC_66419.dir/build.make CMakeFiles/cmTC_66419.dir/build
make[1]: Entering directory '/src/cmake-output/CMakeFiles/CMakeTmp'
Building C object CMakeFiles/cmTC_66419.dir/feature_tests.c.o
/usr/bin/arm-linux-gnueabi-gcc    -std=c99 -o CMakeFiles/cmTC_66419.dir/feature_tests.c.o   -c /src/cmake-output/CMakeFiles/feature_tests.c
Linking C executable cmTC_66419
/usr/bin/cmake -E cmake_link_script CMakeFiles/cmTC_66419.dir/link.txt --verbose=1
/usr/bin/arm-linux-gnueabi-gcc       CMakeFiles/cmTC_66419.dir/feature_tests.c.o  -o cmTC_66419 
make[1]: Leaving directory '/src/cmake-output/CMakeFiles/CMakeTmp'


    Feature record: C_FEATURE:1c_function_prototypes
    Feature record: C_FEATURE:1c_restrict
    Feature record: C_FEATURE:0c_static_assert
    Feature record: C_FEATURE:1c_variadic_macros


Detecting C [-std=c90] compiler features compiled with the following output:
Change Dir: /src/cmake-output/CMakeFiles/CMakeTmp

Run Build Command:"/usr/bin/make" "cmTC_23a94/fast"
/usr/bin/make -f CMakeFiles/cmTC_23a94.dir/build.make CMakeFiles/cmTC_23a94.dir/build
make[1]: Entering directory '/src/cmake-output/CMakeFiles/CMakeTmp'
Building C object CMakeFiles/cmTC_23a94.dir/feature_tests.c.o
/usr/bin/arm-linux-gnueabi-gcc    -std=c90 -o CMakeFiles/cmTC_23a94.dir/feature_tests.c.o   -c /src/cmake-output/CMakeFiles/feature_tests.c
Linking C executable cmTC_23a94
/usr/bin/cmake -E cmake_link_script CMakeFiles/cmTC_23a94.dir/link.txt --verbose=1
/usr/bin/arm-linux-gnueabi-gcc       CMakeFiles/cmTC_23a94.dir/feature_tests.c.o  -o cmTC_23a94 
make[1]: Leaving directory '/src/cmake-output/CMakeFiles/CMakeTmp'


    Feature record: C_FEATURE:1c_function_prototypes
    Feature record: C_FEATURE:0c_restrict
    Feature record: C_FEATURE:0c_static_assert
    Feature record: C_FEATURE:0c_variadic_macros
Determining if the CXX compiler works passed with the following output:
Change Dir: /src/cmake-output/CMakeFiles/CMakeTmp

Run Build Command:"/usr/bin/make" "cmTC_8b3fe/fast"
/usr/bin/make -f CMakeFiles/cmTC_8b3fe.dir/build.make CMakeFiles/cmTC_8b3fe.dir/build
make[1]: Entering directory '/src/cmake-output/CMakeFiles/CMakeTmp'
Building CXX object CMakeFiles/cmTC_8b3fe.dir/testCXXCompiler.cxx.o
/usr/bin/arm-linux-gnueabi-g++      -o CMakeFiles/cmTC_8b3fe.dir/testCXXCompiler.cxx.o -c /src/cmake-output/CMakeFiles/CMakeTmp/testCXXCompiler.cxx
Linking CXX executable cmTC_8b3fe
/usr/bin/cmake -E cmake_link_script CMakeFiles/cmTC_8b3fe.dir/link.txt --verbose=1
/usr/bin/arm-linux-gnueabi-g++        CMakeFiles/cmTC_8b3fe.dir/testCXXCompiler.cxx.o  -o cmTC_8b3fe 
make[1]: Leaving directory '/src/cmake-output/CMakeFiles/CMakeTmp'


Detecting CXX compiler ABI info compiled with the following output:
Change Dir: /src/cmake-output/CMakeFiles/CMakeTmp

Run Build Command:"/usr/bin/make" "cmTC_4964f/fast"
/usr/bin/make -f CMakeFiles/cmTC_4964f.dir/build.make CMakeFiles/cmTC_4964f.dir/build
make[1]: Entering directory '/src/cmake-output/CMakeFiles/CMakeTmp'
Building CXX object CMakeFiles/cmTC_4964f.dir/CMakeCXXCompilerABI.cpp.o
/usr/bin/arm-linux-gnueabi-g++      -o CMakeFiles/cmTC_4964f.dir/CMakeCXXCompilerABI.cpp.o -c /usr/share/cmake-3.7/Modules/CMakeCXXCompilerABI.cpp
Linking CXX executable cmTC_4964f
/usr/bin/cmake -E cmake_link_script CMakeFiles/cmTC_4964f.dir/link.txt --verbose=1
/usr/bin/arm-linux-gnueabi-g++       -v CMakeFiles/cmTC_4964f.dir/CMakeCXXCompilerABI.cpp.o  -o cmTC_4964f  
Using built-in specs.
COLLECT_GCC=/usr/bin/arm-linux-gnueabi-g++
COLLECT_LTO_WRAPPER=/usr/lib/gcc-cross/arm-linux-gnueabi/6/lto-wrapper
Target: arm-linux-gnueabi
Configured with: ../src/configure -v --with-pkgversion='Debian 6.3.0-18' --with-bugurl=file:///usr/share/doc/gcc-6/README.Bugs --enable-languages=c,ada,c++,java,go,d,fortran,objc,obj-c++ --prefix=/usr --program-suffix=-6 --enable-shared --enable-linker-build-id --libexecdir=/usr/lib --without-included-gettext --enable-threads=posix --libdir=/usr/lib --enable-nls --with-sysroot=/ --enable-clocale=gnu --enable-libstdcxx-debug --enable-libstdcxx-time=yes --with-default-libstdcxx-abi=new --enable-gnu-unique-object --disable-libitm --disable-libquadmath --enable-plugin --enable-default-pie --with-system-zlib --disable-browser-plugin --enable-java-awt=gtk --enable-gtk-cairo --with-java-home=/usr/lib/jvm/java-1.5.0-gcj-6-armel-cross/jre --enable-java-home --with-jvm-root-dir=/usr/lib/jvm/java-1.5.0-gcj-6-armel-cross --with-jvm-jar-dir=/usr/lib/jvm-exports/java-1.5.0-gcj-6-armel-cross --with-arch-directory=arm --with-ecj-jar=/usr/share/java/eclipse-ecj.jar --disable-libgcj --with-target-system-zlib --enable-objc-gc=auto --enable-multiarch --disable-sjlj-exceptions --with-arch=armv4t --with-float=soft --enable-checking=release --build=x86_64-linux-gnu --host=x86_64-linux-gnu --target=arm-linux-gnueabi --program-prefix=arm-linux-gnueabi- --includedir=/usr/arm-linux-gnueabi/include
Thread model: posix
gcc version 6.3.0 20170516 (Debian 6.3.0-18) 
COMPILER_PATH=/usr/lib/gcc-cross/arm-linux-gnueabi/6/:/usr/lib/gcc-cross/arm-linux-gnueabi/6/:/usr/lib/gcc-cross/arm-linux-gnueabi/:/usr/lib/gcc-cross/arm-linux-gnueabi/6/:/usr/lib/gcc-cross/arm-linux-gnueabi/:/usr/lib/gcc-cross/arm-linux-gnueabi/6/../../../../arm-linux-gnueabi/bin/
LIBRARY_PATH=/usr/lib/gcc-cross/arm-linux-gnueabi/6/:/usr/lib/gcc-cross/arm-linux-gnueabi/6/../../../../arm-linux-gnueabi/lib/:/lib/:/usr/lib/
COLLECT_GCC_OPTIONS='-v' '-o' 'cmTC_4964f' '-shared-libgcc' '-march=armv4t' '-mfloat-abi=soft' '-mtls-dialect=gnu'
 /usr/lib/gcc-cross/arm-linux-gnueabi/6/collect2 -plugin /usr/lib/gcc-cross/arm-linux-gnueabi/6/liblto_plugin.so -plugin-opt=/usr/lib/gcc-cross/arm-linux-gnueabi/6/lto-wrapper -plugin-opt=-fresolution=/tmp/ccBb3qcM.res -plugin-opt=-pass-through=-lgcc_s -plugin-opt=-pass-through=-lgcc -plugin-opt=-pass-through=-lc -plugin-opt=-pass-through=-lgcc_s -plugin-opt=-pass-through=-lgcc --sysroot=/ --build-id --eh-frame-hdr -dynamic-linker /lib/ld-linux.so.3 -X --hash-style=gnu -m armelf_linux_eabi -pie -o cmTC_4964f /usr/lib/gcc-cross/arm-linux-gnueabi/6/../../../../arm-linux-gnueabi/lib/Scrt1.o /usr/lib/gcc-cross/arm-linux-gnueabi/6/../../../../arm-linux-gnueabi/lib/crti.o /usr/lib/gcc-cross/arm-linux-gnueabi/6/crtbeginS.o -L/usr/lib/gcc-cross/arm-linux-gnueabi/6 -L/usr/lib/gcc-cross/arm-linux-gnueabi/6/../../../../arm-linux-gnueabi/lib CMakeFiles/cmTC_4964f.dir/CMakeCXXCompilerABI.cpp.o -lstdc++ -lm -lgcc_s -lgcc -lc -lgcc_s -lgcc /usr/lib/gcc-cross/arm-linux-gnueabi/6/crtendS.o /usr/lib/gcc-cross/arm-linux-gnueabi/6/../../../../arm-linux-gnueabi/lib/crtn.o
COLLECT_GCC_OPTIONS='-v' '-o' 'cmTC_4964f' '-shared-libgcc' '-march=armv4t' '-mfloat-abi=soft' '-mtls-dialect=gnu'
make[1]: Leaving directory '/src/cmake-output/CMakeFiles/CMakeTmp'


Parsed CXX implicit link information from above output:
  link line regex: [^( *|.*[/\])(ld|([^/\]+-)?ld|collect2)[^/\]*( |$)]
  ignore line: [Change Dir: /src/cmake-output/CMakeFiles/CMakeTmp]
  ignore line: []
  ignore line: [Run Build Command:"/usr/bin/make" "cmTC_4964f/fast"]
  ignore line: [/usr/bin/make -f CMakeFiles/cmTC_4964f.dir/build.make CMakeFiles/cmTC_4964f.dir/build]
  ignore line: [make[1]: Entering directory '/src/cmake-output/CMakeFiles/CMakeTmp']
  ignore line: [Building CXX object CMakeFiles/cmTC_4964f.dir/CMakeCXXCompilerABI.cpp.o]
  ignore line: [/usr/bin/arm-linux-gnueabi-g++      -o CMakeFiles/cmTC_4964f.dir/CMakeCXXCompilerABI.cpp.o -c /usr/share/cmake-3.7/Modules/CMakeCXXCompilerABI.cpp]
  ignore line: [Linking CXX executable cmTC_4964f]
  ignore line: [/usr/bin/cmake -E cmake_link_script CMakeFiles/cmTC_4964f.dir/link.txt --verbose=1]
  ignore line: [/usr/bin/arm-linux-gnueabi-g++       -v CMakeFiles/cmTC_4964f.dir/CMakeCXXCompilerABI.cpp.o  -o cmTC_4964f  ]
  ignore line: [Using built-in specs.]
  ignore line: [COLLECT_GCC=/usr/bin/arm-linux-gnueabi-g++]
  ignore line: [COLLECT_LTO_WRAPPER=/usr/lib/gcc-cross/arm-linux-gnueabi/6/lto-wrapper]
  ignore line: [Target: arm-linux-gnueabi]
  ignore line: [Configured with: ../src/configure -v --with-pkgversion='Debian 6.3.0-18' --with-bugurl=file:///usr/share/doc/gcc-6/README.Bugs --enable-languages=c,ada,c++,java,go,d,fortran,objc,obj-c++ --prefix=/usr --program-suffix=-6 --enable-shared --enable-linker-build-id --libexecdir=/usr/lib --without-included-gettext --enable-threads=posix --libdir=/usr/lib --enable-nls --with-sysroot=/ --enable-clocale=gnu --enable-libstdcxx-debug --enable-libstdcxx-time=yes --with-default-libstdcxx-abi=new --enable-gnu-unique-object --disable-libitm --disable-libquadmath --enable-plugin --enable-default-pie --with-system-zlib --disable-browser-plugin --enable-java-awt=gtk --enable-gtk-cairo --with-java-home=/usr/lib/jvm/java-1.5.0-gcj-6-armel-cross/jre --enable-java-home --with-jvm-root-dir=/usr/lib/jvm/java-1.5.0-gcj-6-armel-cross --with-jvm-jar-dir=/usr/lib/jvm-exports/java-1.5.0-gcj-6-armel-cross --with-arch-directory=arm --with-ecj-jar=/usr/share/java/eclipse-ecj.jar --disable-libgcj --with-target-system-zlib --enable-objc-gc=auto --enable-multiarch --disable-sjlj-exceptions --with-arch=armv4t --with-float=soft --enable-checking=release --build=x86_64-linux-gnu --host=x86_64-linux-gnu --target=arm-linux-gnueabi --program-prefix=arm-linux-gnueabi- --includedir=/usr/arm-linux-gnueabi/include]
  ignore line: [Thread model: posix]
  ignore line: [gcc version 6.3.0 20170516 (Debian 6.3.0-18) ]
  ignore line: [COMPILER_PATH=/usr/lib/gcc-cross/arm-linux-gnueabi/6/:/usr/lib/gcc-cross/arm-linux-gnueabi/6/:/usr/lib/gcc-cross/arm-linux-gnueabi/:/usr/lib/gcc-cross/arm-linux-gnueabi/6/:/usr/lib/gcc-cross/arm-linux-gnueabi/:/usr/lib/gcc-cross/arm-linux-gnueabi/6/../../../../arm-linux-gnueabi/bin/]
  ignore line: [LIBRARY_PATH=/usr/lib/gcc-cross/arm-linux-gnueabi/6/:/usr/lib/gcc-cross/arm-linux-gnueabi/6/../../../../arm-linux-gnueabi/lib/:/lib/:/usr/lib/]
  ignore line: [COLLECT_GCC_OPTIONS='-v' '-o' 'cmTC_4964f' '-shared-libgcc' '-march=armv4t' '-mfloat-abi=soft' '-mtls-dialect=gnu']
  link line: [ /usr/lib/gcc-cross/arm-linux-gnueabi/6/collect2 -plugin /usr/lib/gcc-cross/arm-linux-gnueabi/6/liblto_plugin.so -plugin-opt=/usr/lib/gcc-cross/arm-linux-gnueabi/6/lto-wrapper -plugin-opt=-fresolution=/tmp/ccBb3qcM.res -plugin-opt=-pass-through=-lgcc_s -plugin-opt=-pass-through=-lgcc -plugin-opt=-pass-through=-lc -plugin-opt=-pass-through=-lgcc_s -plugin-opt=-pass-through=-lgcc --sysroot=/ --build-id --eh-frame-hdr -dynamic-linker /lib/ld-linux.so.3 -X --hash-style=gnu -m armelf_linux_eabi -pie -o cmTC_4964f /usr/lib/gcc-cross/arm-linux-gnueabi/6/../../../../arm-linux-gnueabi/lib/Scrt1.o /usr/lib/gcc-cross/arm-linux-gnueabi/6/../../../../arm-linux-gnueabi/lib/crti.o /usr/lib/gcc-cross/arm-linux-gnueabi/6/crtbeginS.o -L/usr/lib/gcc-cross/arm-linux-gnueabi/6 -L/usr/lib/gcc-cross/arm-linux-gnueabi/6/../../../../arm-linux-gnueabi/lib CMakeFiles/cmTC_4964f.dir/CMakeCXXCompilerABI.cpp.o -lstdc++ -lm -lgcc_s -lgcc -lc -lgcc_s -lgcc /usr/lib/gcc-cross/arm-linux-gnueabi/6/crtendS.o /usr/lib/gcc-cross/arm-linux-gnueabi/6/../../../../arm-linux-gnueabi/lib/crtn.o]
    arg [/usr/lib/gcc-cross/arm-linux-gnueabi/6/collect2] ==> ignore
    arg [-plugin] ==> ignore
    arg [/usr/lib/gcc-cross/arm-linux-gnueabi/6/liblto_plugin.so] ==> ignore
    arg [-plugin-opt=/usr/lib/gcc-cross/arm-linux-gnueabi/6/lto-wrapper] ==> ignore
    arg [-plugin-opt=-fresolution=/tmp/ccBb3qcM.res] ==> ignore
    arg [-plugin-opt=-pass-through=-lgcc_s] ==> ignore
    arg [-plugin-opt=-pass-through=-lgcc] ==> ignore
    arg [-plugin-opt=-pass-through=-lc] ==> ignore
    arg [-plugin-opt=-pass-through=-lgcc_s] ==> ignore
    arg [-plugin-opt=-pass-through=-lgcc] ==> ignore
    arg [--sysroot=/] ==> ignore
    arg [--build-id] ==> ignore
    arg [--eh-frame-hdr] ==> ignore
    arg [-dynamic-linker] ==> ignore
    arg [/lib/ld-linux.so.3] ==> ignore
    arg [-X] ==> ignore
    arg [--hash-style=gnu] ==> ignore
    arg [-m] ==> ignore
    arg [armelf_linux_eabi] ==> ignore
    arg [-pie] ==> ignore
    arg [-o] ==> ignore
    arg [cmTC_4964f] ==> ignore
    arg [/usr/lib/gcc-cross/arm-linux-gnueabi/6/../../../../arm-linux-gnueabi/lib/Scrt1.o] ==> ignore
    arg [/usr/lib/gcc-cross/arm-linux-gnueabi/6/../../../../arm-linux-gnueabi/lib/crti.o] ==> ignore
    arg [/usr/lib/gcc-cross/arm-linux-gnueabi/6/crtbeginS.o] ==> ignore
    arg [-L/usr/lib/gcc-cross/arm-linux-gnueabi/6] ==> dir [/usr/lib/gcc-cross/arm-linux-gnueabi/6]
    arg [-L/usr/lib/gcc-cross/arm-linux-gnueabi/6/../../../../arm-linux-gnueabi/lib] ==> dir [/usr/lib/gcc-cross/arm-linux-gnueabi/6/../../../../arm-linux-gnueabi/lib]
    arg [CMakeFiles/cmTC_4964f.dir/CMakeCXXCompilerABI.cpp.o] ==> ignore
    arg [-lstdc++] ==> lib [stdc++]
    arg [-lm] ==> lib [m]
    arg [-lgcc_s] ==> lib [gcc_s]
    arg [-lgcc] ==> lib [gcc]
    arg [-lc] ==> lib [c]
    arg [-lgcc_s] ==> lib [gcc_s]
    arg [-lgcc] ==> lib [gcc]
    arg [/usr/lib/gcc-cross/arm-linux-gnueabi/6/crtendS.o] ==> ignore
    arg [/usr/lib/gcc-cross/arm-linux-gnueabi/6/../../../../arm-linux-gnueabi/lib/crtn.o] ==> ignore
  remove lib [gcc_s]
  remove lib [gcc]
  remove lib [gcc_s]
  remove lib [gcc]
  collapse library dir [/usr/lib/gcc-cross/arm-linux-gnueabi/6] ==> [/usr/lib/gcc-cross/arm-linux-gnueabi/6]
  collapse library dir [/usr/lib/gcc-cross/arm-linux-gnueabi/6/../../../../arm-linux-gnueabi/lib] ==> [/usr/arm-linux-gnueabi/lib]
  implicit libs: [stdc++;m;c]
  implicit dirs: [/usr/lib/gcc-cross/arm-linux-gnueabi/6;/usr/arm-linux-gnueabi/lib]
  implicit fwks: []




Detecting CXX [-std=c++14] compiler features compiled with the following output:
Change Dir: /src/cmake-output/CMakeFiles/CMakeTmp

Run Build Command:"/usr/bin/make" "cmTC_e8cec/fast"
/usr/bin/make -f CMakeFiles/cmTC_e8cec.dir/build.make CMakeFiles/cmTC_e8cec.dir/build
make[1]: Entering directory '/src/cmake-output/CMakeFiles/CMakeTmp'
Building CXX object CMakeFiles/cmTC_e8cec.dir/feature_tests.cxx.o
/usr/bin/arm-linux-gnueabi-g++     -std=c++14 -o CMakeFiles/cmTC_e8cec.dir/feature_tests.cxx.o -c /src/cmake-output/CMakeFiles/feature_tests.cxx
Linking CXX executable cmTC_e8cec
/usr/bin/cmake -E cmake_link_script CMakeFiles/cmTC_e8cec.dir/link.txt --verbose=1
/usr/bin/arm-linux-gnueabi-g++        CMakeFiles/cmTC_e8cec.dir/feature_tests.cxx.o  -o cmTC_e8cec 
make[1]: Leaving directory '/src/cmake-output/CMakeFiles/CMakeTmp'


    Feature record: CXX_FEATURE:1cxx_aggregate_default_initializers
    Feature record: CXX_FEATURE:1cxx_alias_templates
    Feature record: CXX_FEATURE:1cxx_alignas
    Feature record: CXX_FEATURE:1cxx_alignof
    Feature record: CXX_FEATURE:1cxx_attributes
    Feature record: CXX_FEATURE:1cxx_attribute_deprecated
    Feature record: CXX_FEATURE:1cxx_auto_type
    Feature record: CXX_FEATURE:1cxx_binary_literals
    Feature record: CXX_FEATURE:1cxx_constexpr
    Feature record: CXX_FEATURE:1cxx_contextual_conversions
    Feature record: CXX_FEATURE:1cxx_decltype
    Feature record: CXX_FEATURE:1cxx_decltype_auto
    Feature record: CXX_FEATURE:1cxx_decltype_incomplete_return_types
    Feature record: CXX_FEATURE:1cxx_default_function_template_args
    Feature record: CXX_FEATURE:1cxx_defaulted_functions
    Feature record: CXX_FEATURE:1cxx_defaulted_move_initializers
    Feature record: CXX_FEATURE:1cxx_delegating_constructors
    Feature record: CXX_FEATURE:1cxx_deleted_functions
    Feature record: CXX_FEATURE:1cxx_digit_separators
    Feature record: CXX_FEATURE:1cxx_enum_forward_declarations
    Feature record: CXX_FEATURE:1cxx_explicit_conversions
    Feature record: CXX_FEATURE:1cxx_extended_friend_declarations
    Feature record: CXX_FEATURE:1cxx_extern_templates
    Feature record: CXX_FEATURE:1cxx_final
    Feature record: CXX_FEATURE:1cxx_func_identifier
    Feature record: CXX_FEATURE:1cxx_generalized_initializers
    Feature record: CXX_FEATURE:1cxx_generic_lambdas
    Feature record: CXX_FEATURE:1cxx_inheriting_constructors
    Feature record: CXX_FEATURE:1cxx_inline_namespaces
    Feature record: CXX_FEATURE:1cxx_lambdas
    Feature record: CXX_FEATURE:1cxx_lambda_init_captures
    Feature record: CXX_FEATURE:1cxx_local_type_template_args
    Feature record: CXX_FEATURE:1cxx_long_long_type
    Feature record: CXX_FEATURE:1cxx_noexcept
    Feature record: CXX_FEATURE:1cxx_nonstatic_member_init
    Feature record: CXX_FEATURE:1cxx_nullptr
    Feature record: CXX_FEATURE:1cxx_override
    Feature record: CXX_FEATURE:1cxx_range_for
    Feature record: CXX_FEATURE:1cxx_raw_string_literals
    Feature record: CXX_FEATURE:1cxx_reference_qualified_functions
    Feature record: CXX_FEATURE:1cxx_relaxed_constexpr
    Feature record: CXX_FEATURE:1cxx_return_type_deduction
    Feature record: CXX_FEATURE:1cxx_right_angle_brackets
    Feature record: CXX_FEATURE:1cxx_rvalue_references
    Feature record: CXX_FEATURE:1cxx_sizeof_member
    Feature record: CXX_FEATURE:1cxx_static_assert
    Feature record: CXX_FEATURE:1cxx_strong_enums
    Feature record: CXX_FEATURE:1cxx_template_template_parameters
    Feature record: CXX_FEATURE:1cxx_thread_local
    Feature record: CXX_FEATURE:1cxx_trailing_return_types
    Feature record: CXX_FEATURE:1cxx_unicode_literals
    Feature record: CXX_FEATURE:1cxx_uniform_initialization
    Feature record: CXX_FEATURE:1cxx_unrestricted_unions
    Feature record: CXX_FEATURE:1cxx_user_literals
    Feature record: CXX_FEATURE:1cxx_variable_templates
    Feature record: CXX_FEATURE:1cxx_variadic_macros
    Feature record: CXX_FEATURE:1cxx_variadic_templates


Detecting CXX [-std=c++11] compiler features compiled with the following output:
Change Dir: /src/cmake-output/CMakeFiles/CMakeTmp

Run Build Command:"/usr/bin/make" "cmTC_f1eb4/fast"
/usr/bin/make -f CMakeFiles/cmTC_f1eb4.dir/build.make CMakeFiles/cmTC_f1eb4.dir/build
make[1]: Entering directory '/src/cmake-output/CMakeFiles/CMakeTmp'
Building CXX object CMakeFiles/cmTC_f1eb4.dir/feature_tests.cxx.o
/usr/bin/arm-linux-gnueabi-g++     -std=c++11 -o CMakeFiles/cmTC_f1eb4.dir/feature_tests.cxx.o -c /src/cmake-output/CMakeFiles/feature_tests.cxx
Linking CXX executable cmTC_f1eb4
/usr/bin/cmake -E cmake_link_script CMakeFiles/cmTC_f1eb4.dir/link.txt --verbose=1
/usr/bin/arm-linux-gnueabi-g++        CMakeFiles/cmTC_f1eb4.dir/feature_tests.cxx.o  -o cmTC_f1eb4 
make[1]: Leaving directory '/src/cmake-output/CMakeFiles/CMakeTmp'


    Feature record: CXX_FEATURE:0cxx_aggregate_default_initializers
    Feature record: CXX_FEATURE:1cxx_alias_templates
    Feature record: CXX_FEATURE:1cxx_alignas
    Feature record: CXX_FEATURE:1cxx_alignof
    Feature record: CXX_FEATURE:1cxx_attributes
    Feature record: CXX_FEATURE:0cxx_attribute_deprecated
    Feature record: CXX_FEATURE:1cxx_auto_type
    Feature record: CXX_FEATURE:0cxx_binary_literals
    Feature record: CXX_FEATURE:1cxx_constexpr
    Feature record: CXX_FEATURE:0cxx_contextual_conversions
    Feature record: CXX_FEATURE:1cxx_decltype
    Feature record: CXX_FEATURE:0cxx_decltype_auto
    Feature record: CXX_FEATURE:1cxx_decltype_incomplete_return_types
    Feature record: CXX_FEATURE:1cxx_default_function_template_args
    Feature record: CXX_FEATURE:1cxx_defaulted_functions
    Feature record: CXX_FEATURE:1cxx_defaulted_move_initializers
    Feature record: CXX_FEATURE:1cxx_delegating_constructors
    Feature record: CXX_FEATURE:1cxx_deleted_functions
    Feature record: CXX_FEATURE:0cxx_digit_separators
    Feature record: CXX_FEATURE:1cxx_enum_forward_declarations
    Feature record: CXX_FEATURE:1cxx_explicit_conversions
    Feature record: CXX_FEATURE:1cxx_extended_friend_declarations
    Feature record: CXX_FEATURE:1cxx_extern_templates
    Feature record: CXX_FEATURE:1cxx_final
    Feature record: CXX_FEATURE:1cxx_func_identifier
    Feature record: CXX_FEATURE:1cxx_generalized_initializers
    Feature record: CXX_FEATURE:0cxx_generic_lambdas
    Feature record: CXX_FEATURE:1cxx_inheriting_constructors
    Feature record: CXX_FEATURE:1cxx_inline_namespaces
    Feature record: CXX_FEATURE:1cxx_lambdas
    Feature record: CXX_FEATURE:0cxx_lambda_init_captures
    Feature record: CXX_FEATURE:1cxx_local_type_template_args
    Feature record: CXX_FEATURE:1cxx_long_long_type
    Feature record: CXX_FEATURE:1cxx_noexcept
    Feature record: CXX_FEATURE:1cxx_nonstatic_member_init
    Feature record: CXX_FEATURE:1cxx_nullptr
    Feature record: CXX_FEATURE:1cxx_override
    Feature record: CXX_FEATURE:1cxx_range_for
    Feature record: CXX_FEATURE:1cxx_raw_string_literals
    Feature record: CXX_FEATURE:1cxx_reference_qualified_functions
    Feature record: CXX_FEATURE:0cxx_relaxed_constexpr
    Feature record: CXX_FEATURE:0cxx_return_type_deduction
    Feature record: CXX_FEATURE:1cxx_right_angle_brackets
    Feature record: CXX_FEATURE:1cxx_rvalue_references
    Feature record: CXX_FEATURE:1cxx_sizeof_member
    Feature record: CXX_FEATURE:1cxx_static_assert
    Feature record: CXX_FEATURE:1cxx_strong_enums
    Feature record: CXX_FEATURE:1cxx_template_template_parameters
    Feature record: CXX_FEATURE:1cxx_thread_local
    Feature record: CXX_FEATURE:1cxx_trailing_return_types
    Feature record: CXX_FEATURE:1cxx_unicode_literals
    Feature record: CXX_FEATURE:1cxx_uniform_initialization
    Feature record: CXX_FEATURE:1cxx_unrestricted_unions
    Feature record: CXX_FEATURE:1cxx_user_literals
    Feature record: CXX_FEATURE:0cxx_variable_templates
    Feature record: CXX_FEATURE:1cxx_variadic_macros
    Feature record: CXX_FEATURE:1cxx_variadic_templates


Detecting CXX [-std=c++98] compiler features compiled with the following output:
Change Dir: /src/cmake-output/CMakeFiles/CMakeTmp

Run Build Command:"/usr/bin/make" "cmTC_34a7d/fast"
/usr/bin/make -f CMakeFiles/cmTC_34a7d.dir/build.make CMakeFiles/cmTC_34a7d.dir/build
make[1]: Entering directory '/src/cmake-output/CMakeFiles/CMakeTmp'
Building CXX object CMakeFiles/cmTC_34a7d.dir/feature_tests.cxx.o
/usr/bin/arm-linux-gnueabi-g++     -std=c++98 -o CMakeFiles/cmTC_34a7d.dir/feature_tests.cxx.o -c /src/cmake-output/CMakeFiles/feature_tests.cxx
Linking CXX executable cmTC_34a7d
/usr/bin/cmake -E cmake_link_script CMakeFiles/cmTC_34a7d.dir/link.txt --verbose=1
/usr/bin/arm-linux-gnueabi-g++        CMakeFiles/cmTC_34a7d.dir/feature_tests.cxx.o  -o cmTC_34a7d 
make[1]: Leaving directory '/src/cmake-output/CMakeFiles/CMakeTmp'


    Feature record: CXX_FEATURE:0cxx_aggregate_default_initializers
    Feature record: CXX_FEATURE:0cxx_alias_templates
    Feature record: CXX_FEATURE:0cxx_alignas
    Feature record: CXX_FEATURE:0cxx_alignof
    Feature record: CXX_FEATURE:0cxx_attributes
    Feature record: CXX_FEATURE:0cxx_attribute_deprecated
    Feature record: CXX_FEATURE:0cxx_auto_type
    Feature record: CXX_FEATURE:0cxx_binary_literals
    Feature record: CXX_FEATURE:0cxx_constexpr
    Feature record: CXX_FEATURE:0cxx_contextual_conversions
    Feature record: CXX_FEATURE:0cxx_decltype
    Feature record: CXX_FEATURE:0cxx_decltype_auto
    Feature record: CXX_FEATURE:0cxx_decltype_incomplete_return_types
    Feature record: CXX_FEATURE:0cxx_default_function_template_args
    Feature record: CXX_FEATURE:0cxx_defaulted_functions
    Feature record: CXX_FEATURE:0cxx_defaulted_move_initializers
    Feature record: CXX_FEATURE:0cxx_delegating_constructors
    Feature record: CXX_FEATURE:0cxx_deleted_functions
    Feature record: CXX_FEATURE:0cxx_digit_separators
    Feature record: CXX_FEATURE:0cxx_enum_forward_declarations
    Feature record: CXX_FEATURE:0cxx_explicit_conversions
    Feature record: CXX_FEATURE:0cxx_extended_friend_declarations
    Feature record: CXX_FEATURE:0cxx_extern_templates
    Feature record: CXX_FEATURE:0cxx_final
    Feature record: CXX_FEATURE:0cxx_func_identifier
    Feature record: CXX_FEATURE:0cxx_generalized_initializers
    Feature record: CXX_FEATURE:0cxx_generic_lambdas
    Feature record: CXX_FEATURE:0cxx_inheriting_constructors
    Feature record: CXX_FEATURE:0cxx_inline_namespaces
    Feature record: CXX_FEATURE:0cxx_lambdas
    Feature record: CXX_FEATURE:0cxx_lambda_init_captures
    Feature record: CXX_FEATURE:0cxx_local_type_template_args
    Feature record: CXX_FEATURE:0cxx_long_long_type
    Feature record: CXX_FEATURE:0cxx_noexcept
    Feature record: CXX_FEATURE:0cxx_nonstatic_member_init
    Feature record: CXX_FEATURE:0cxx_nullptr
    Feature record: CXX_FEATURE:0cxx_override
    Feature record: CXX_FEATURE:0cxx_range_for
    Feature record: CXX_FEATURE:0cxx_raw_string_literals
    Feature record: CXX_FEATURE:0cxx_reference_qualified_functions
    Feature record: CXX_FEATURE:0cxx_relaxed_constexpr
    Feature record: CXX_FEATURE:0cxx_return_type_deduction
    Feature record: CXX_FEATURE:0cxx_right_angle_brackets
    Feature record: CXX_FEATURE:0cxx_rvalue_references
    Feature record: CXX_FEATURE:0cxx_sizeof_member
    Feature record: CXX_FEATURE:0cxx_static_assert
    Feature record: CXX_FEATURE:0cxx_strong_enums
    Feature record: CXX_FEATURE:1cxx_template_template_parameters
    Feature record: CXX_FEATURE:0cxx_thread_local
    Feature record: CXX_FEATURE:0cxx_trailing_return_types
    Feature record: CXX_FEATURE:0cxx_unicode_literals
    Feature record: CXX_FEATURE:0cxx_uniform_initialization
    Feature record: CXX_FEATURE:0cxx_unrestricted_unions
    Feature record: CXX_FEATURE:0cxx_user_literals
    Feature record: CXX_FEATURE:0cxx_variable_templates
    Feature record: CXX_FEATURE:0cxx_variadic_macros
    Feature record: CXX_FEATURE:0cxx_variadic_templates
Determining if the include file pthread.h exists passed with the following output:
Change Dir: /src/cmake-output/CMakeFiles/CMakeTmp

Run Build Command:"/usr/bin/make" "cmTC_c70f8/fast"
/usr/bin/make -f CMakeFiles/cmTC_c70f8.dir/build.make CMakeFiles/cmTC_c70f8.dir/build
make[1]: Entering directory '/src/cmake-output/CMakeFiles/CMakeTmp'
Building C object CMakeFiles/cmTC_c70f8.dir/CheckIncludeFile.c.o
/usr/bin/arm-linux-gnueabi-gcc     -o CMakeFiles/cmTC_c70f8.dir/CheckIncludeFile.c.o   -c /src/cmake-output/CMakeFiles/CMakeTmp/CheckIncludeFile.c
Linking C executable cmTC_c70f8
/usr/bin/cmake -E cmake_link_script CMakeFiles/cmTC_c70f8.dir/link.txt --verbose=1
/usr/bin/arm-linux-gnueabi-gcc       CMakeFiles/cmTC_c70f8.dir/CheckIncludeFile.c.o  -o cmTC_c70f8 
make[1]: Leaving directory '/src/cmake-output/CMakeFiles/CMakeTmp'


