Determining if the pthread_create exist failed with the following output:
Change Dir: /src/cmake-output/CMakeFiles/CMakeTmp

Run Build Command:"/usr/bin/make" "cmTC_22b26/fast"
/usr/bin/make -f CMakeFiles/cmTC_22b26.dir/build.make CMakeFiles/cmTC_22b26.dir/build
make[1]: Entering directory '/src/cmake-output/CMakeFiles/CMakeTmp'
Building C object CMakeFiles/cmTC_22b26.dir/CheckSymbolExists.c.o
/usr/bin/arm-linux-gnueabi-gcc     -o CMakeFiles/cmTC_22b26.dir/CheckSymbolExists.c.o   -c /src/cmake-output/CMakeFiles/CMakeTmp/CheckSymbolExists.c
Linking C executable cmTC_22b26
/usr/bin/cmake -E cmake_link_script CMakeFiles/cmTC_22b26.dir/link.txt --verbose=1
/usr/bin/arm-linux-gnueabi-gcc       CMakeFiles/cmTC_22b26.dir/CheckSymbolExists.c.o  -o cmTC_22b26 
CMakeFiles/cmTC_22b26.dir/CheckSymbolExists.c.o: In function `main':
CheckSymbolExists.c:(.text+0x48): undefined reference to `pthread_create'
collect2: error: ld returned 1 exit status
CMakeFiles/cmTC_22b26.dir/build.make:97: recipe for target 'cmTC_22b26' failed
make[1]: *** [cmTC_22b26] Error 1
make[1]: Leaving directory '/src/cmake-output/CMakeFiles/CMakeTmp'
Makefile:126: recipe for target 'cmTC_22b26/fast' failed
make: *** [cmTC_22b26/fast] Error 2

File /src/cmake-output/CMakeFiles/CMakeTmp/CheckSymbolExists.c:
/* */
#include <pthread.h>

int main(int argc, char** argv)
{
  (void)argv;
#ifndef pthread_create
  return ((int*)(&pthread_create))[argc];
#else
  (void)argc;
  return 0;
#endif
}

